Analysis & Synthesis report for ProjetoP
Thu Feb 13 14:41:21 2025
Quartus II 32-bit Version 13.0.1 Build 232 06/12/2013 Service Pack 1 SJ Web Edition


---------------------
; Table of Contents ;
---------------------
  1. Legal Notice
  2. Analysis & Synthesis Summary
  3. Analysis & Synthesis Settings
  4. Parallel Compilation
  5. Analysis & Synthesis Source Files Read
  6. Analysis & Synthesis Resource Usage Summary
  7. Analysis & Synthesis Resource Utilization by Entity
  8. General Register Statistics
  9. Inverted Register Statistics
 10. Multiplexer Restructuring Statistics (Restructuring Performed)
 11. Elapsed Time Per Partition
 12. Analysis & Synthesis Messages



----------------
; Legal Notice ;
----------------
Copyright (C) 1991-2013 Altera Corporation
Your use of Altera Corporation's design tools, logic functions 
and other software and tools, and its AMPP partner logic 
functions, and any output files from any of the foregoing 
(including device programming or simulation files), and any 
associated documentation or information are expressly subject 
to the terms and conditions of the Altera Program License 
Subscription Agreement, Altera MegaCore Function License 
Agreement, or other applicable license agreement, including, 
without limitation, that your use is for the sole purpose of 
programming logic devices manufactured by Altera and sold by 
Altera or its authorized distributors.  Please refer to the 
applicable agreement for further details.



+--------------------------------------------------------------------------------------+
; Analysis & Synthesis Summary                                                         ;
+------------------------------------+-------------------------------------------------+
; Analysis & Synthesis Status        ; Successful - Thu Feb 13 14:41:21 2025           ;
; Quartus II 32-bit Version          ; 13.0.1 Build 232 06/12/2013 SP 1 SJ Web Edition ;
; Revision Name                      ; ProjetoP                                        ;
; Top-level Entity Name              ; ProjetoP                                        ;
; Family                             ; Cyclone II                                      ;
; Total logic elements               ; 132                                             ;
;     Total combinational functions  ; 112                                             ;
;     Dedicated logic registers      ; 49                                              ;
; Total registers                    ; 49                                              ;
; Total pins                         ; 62                                              ;
; Total virtual pins                 ; 0                                               ;
; Total memory bits                  ; 0                                               ;
; Embedded Multiplier 9-bit elements ; 0                                               ;
; Total PLLs                         ; 0                                               ;
+------------------------------------+-------------------------------------------------+


+----------------------------------------------------------------------------------------------------------------------+
; Analysis & Synthesis Settings                                                                                        ;
+----------------------------------------------------------------------------+--------------------+--------------------+
; Option                                                                     ; Setting            ; Default Value      ;
+----------------------------------------------------------------------------+--------------------+--------------------+
; Device                                                                     ; EP2C35F672C6       ;                    ;
; Top-level entity name                                                      ; ProjetoP           ; ProjetoP           ;
; Family name                                                                ; Cyclone II         ; Cyclone IV GX      ;
; Verilog Show LMF Mapping Messages                                          ; Off                ;                    ;
; Verilog Version                                                            ; SystemVerilog_2005 ; Verilog_2001       ;
; Use smart compilation                                                      ; Off                ; Off                ;
; Enable parallel Assembler and TimeQuest Timing Analyzer during compilation ; On                 ; On                 ;
; Enable compact report table                                                ; Off                ; Off                ;
; Restructure Multiplexers                                                   ; Auto               ; Auto               ;
; Create Debugging Nodes for IP Cores                                        ; Off                ; Off                ;
; Preserve fewer node names                                                  ; On                 ; On                 ;
; Disable OpenCore Plus hardware evaluation                                  ; Off                ; Off                ;
; VHDL Version                                                               ; VHDL_1993          ; VHDL_1993          ;
; State Machine Processing                                                   ; Auto               ; Auto               ;
; Safe State Machine                                                         ; Off                ; Off                ;
; Extract Verilog State Machines                                             ; On                 ; On                 ;
; Extract VHDL State Machines                                                ; On                 ; On                 ;
; Ignore Verilog initial constructs                                          ; Off                ; Off                ;
; Iteration limit for constant Verilog loops                                 ; 5000               ; 5000               ;
; Iteration limit for non-constant Verilog loops                             ; 250                ; 250                ;
; Add Pass-Through Logic to Inferred RAMs                                    ; On                 ; On                 ;
; Infer RAMs from Raw Logic                                                  ; On                 ; On                 ;
; Parallel Synthesis                                                         ; On                 ; On                 ;
; DSP Block Balancing                                                        ; Auto               ; Auto               ;
; NOT Gate Push-Back                                                         ; On                 ; On                 ;
; Power-Up Don't Care                                                        ; On                 ; On                 ;
; Remove Redundant Logic Cells                                               ; Off                ; Off                ;
; Remove Duplicate Registers                                                 ; On                 ; On                 ;
; Ignore CARRY Buffers                                                       ; Off                ; Off                ;
; Ignore CASCADE Buffers                                                     ; Off                ; Off                ;
; Ignore GLOBAL Buffers                                                      ; Off                ; Off                ;
; Ignore ROW GLOBAL Buffers                                                  ; Off                ; Off                ;
; Ignore LCELL Buffers                                                       ; Off                ; Off                ;
; Ignore SOFT Buffers                                                        ; On                 ; On                 ;
; Limit AHDL Integers to 32 Bits                                             ; Off                ; Off                ;
; Optimization Technique                                                     ; Balanced           ; Balanced           ;
; Carry Chain Length                                                         ; 70                 ; 70                 ;
; Auto Carry Chains                                                          ; On                 ; On                 ;
; Auto Open-Drain Pins                                                       ; On                 ; On                 ;
; Perform WYSIWYG Primitive Resynthesis                                      ; Off                ; Off                ;
; Auto ROM Replacement                                                       ; On                 ; On                 ;
; Auto RAM Replacement                                                       ; On                 ; On                 ;
; Auto Shift Register Replacement                                            ; Auto               ; Auto               ;
; Allow Shift Register Merging across Hierarchies                            ; Auto               ; Auto               ;
; Auto Clock Enable Replacement                                              ; On                 ; On                 ;
; Strict RAM Replacement                                                     ; Off                ; Off                ;
; Allow Synchronous Control Signals                                          ; On                 ; On                 ;
; Force Use of Synchronous Clear Signals                                     ; Off                ; Off                ;
; Auto RAM to Logic Cell Conversion                                          ; Off                ; Off                ;
; Auto Resource Sharing                                                      ; Off                ; Off                ;
; Allow Any RAM Size For Recognition                                         ; Off                ; Off                ;
; Allow Any ROM Size For Recognition                                         ; Off                ; Off                ;
; Allow Any Shift Register Size For Recognition                              ; Off                ; Off                ;
; Use LogicLock Constraints during Resource Balancing                        ; On                 ; On                 ;
; Ignore translate_off and synthesis_off directives                          ; Off                ; Off                ;
; Timing-Driven Synthesis                                                    ; Off                ; Off                ;
; Report Parameter Settings                                                  ; On                 ; On                 ;
; Report Source Assignments                                                  ; On                 ; On                 ;
; Report Connectivity Checks                                                 ; On                 ; On                 ;
; Ignore Maximum Fan-Out Assignments                                         ; Off                ; Off                ;
; Synchronization Register Chain Length                                      ; 2                  ; 2                  ;
; PowerPlay Power Optimization                                               ; Normal compilation ; Normal compilation ;
; HDL message level                                                          ; Level2             ; Level2             ;
; Suppress Register Optimization Related Messages                            ; Off                ; Off                ;
; Number of Removed Registers Reported in Synthesis Report                   ; 5000               ; 5000               ;
; Number of Swept Nodes Reported in Synthesis Report                         ; 5000               ; 5000               ;
; Number of Inverted Registers Reported in Synthesis Report                  ; 100                ; 100                ;
; Clock MUX Protection                                                       ; On                 ; On                 ;
; Auto Gated Clock Conversion                                                ; Off                ; Off                ;
; Block Design Naming                                                        ; Auto               ; Auto               ;
; SDC constraint protection                                                  ; Off                ; Off                ;
; Synthesis Effort                                                           ; Auto               ; Auto               ;
; Shift Register Replacement - Allow Asynchronous Clear Signal               ; On                 ; On                 ;
; Pre-Mapping Resynthesis Optimization                                       ; Off                ; Off                ;
; Analysis & Synthesis Message Level                                         ; Medium             ; Medium             ;
; Disable Register Merging Across Hierarchies                                ; Auto               ; Auto               ;
; Resource Aware Inference For Block RAM                                     ; On                 ; On                 ;
; Synthesis Seed                                                             ; 1                  ; 1                  ;
+----------------------------------------------------------------------------+--------------------+--------------------+


Parallel compilation was disabled, but you have multiple processors available. Enable parallel compilation to reduce compilation time.
+-------------------------------------+
; Parallel Compilation                ;
+----------------------------+--------+
; Processors                 ; Number ;
+----------------------------+--------+
; Number detected on machine ; 12     ;
; Maximum allowed            ; 1      ;
+----------------------------+--------+


+--------------------------------------------------------------------------------------------------------------------------------------------------------------------------------------+
; Analysis & Synthesis Source Files Read                                                                                                                                               ;
+----------------------------------+-----------------+------------------------------------+----------------------------------------------------------------------------------+---------+
; File Name with User-Entered Path ; Used in Netlist ; File Type                          ; File Name with Absolute Path                                                     ; Library ;
+----------------------------------+-----------------+------------------------------------+----------------------------------------------------------------------------------+---------+
; decoder7.v                       ; yes             ; User Verilog HDL File              ; /home/rafa/tudo/materias/lcl/projetoLeticia/Projeto_Finaldowy/decoder7.v         ;         ;
; ProjetoP.bdf                     ; yes             ; User Block Diagram/Schematic File  ; /home/rafa/tudo/materias/lcl/projetoLeticia/Projeto_Finaldowy/ProjetoP.bdf       ;         ;
; cronometro.bdf                   ; yes             ; User Block Diagram/Schematic File  ; /home/rafa/tudo/materias/lcl/projetoLeticia/Projeto_Finaldowy/cronometro.bdf     ;         ;
; count.v                          ; yes             ; User Verilog HDL File              ; /home/rafa/tudo/materias/lcl/projetoLeticia/Projeto_Finaldowy/count.v            ;         ;
; countseg.v                       ; yes             ; User Verilog HDL File              ; /home/rafa/tudo/materias/lcl/projetoLeticia/Projeto_Finaldowy/countseg.v         ;         ;
; countmin.v                       ; yes             ; User Verilog HDL File              ; /home/rafa/tudo/materias/lcl/projetoLeticia/Projeto_Finaldowy/countmin.v         ;         ;
; lfsr_senha.bdf                   ; yes             ; User Block Diagram/Schematic File  ; /home/rafa/tudo/materias/lcl/projetoLeticia/Projeto_Finaldowy/lfsr_senha.bdf     ;         ;
; simplejk.bdf                     ; yes             ; User Block Diagram/Schematic File  ; /home/rafa/tudo/materias/lcl/projetoLeticia/Projeto_Finaldowy/simplejk.bdf       ;         ;
; clkController2.bdf               ; yes             ; User Block Diagram/Schematic File  ; /home/rafa/tudo/materias/lcl/projetoLeticia/Projeto_Finaldowy/clkController2.bdf ;         ;
; keySel.bdf                       ; yes             ; User Block Diagram/Schematic File  ; /home/rafa/tudo/materias/lcl/projetoLeticia/Projeto_Finaldowy/keySel.bdf         ;         ;
; comp7.sv                         ; yes             ; User SystemVerilog HDL File        ; /home/rafa/tudo/materias/lcl/projetoLeticia/Projeto_Finaldowy/comp7.sv           ;         ;
; clueGen.sv                       ; yes             ; User SystemVerilog HDL File        ; /home/rafa/tudo/materias/lcl/projetoLeticia/Projeto_Finaldowy/clueGen.sv         ;         ;
; clueSel.bdf                      ; yes             ; User Block Diagram/Schematic File  ; /home/rafa/tudo/materias/lcl/projetoLeticia/Projeto_Finaldowy/clueSel.bdf        ;         ;
; clueGenerator.bdf                ; yes             ; User Block Diagram/Schematic File  ; /home/rafa/tudo/materias/lcl/projetoLeticia/Projeto_Finaldowy/clueGenerator.bdf  ;         ;
; bitsIguais.sv                    ; yes             ; User SystemVerilog HDL File        ; /home/rafa/tudo/materias/lcl/projetoLeticia/Projeto_Finaldowy/bitsIguais.sv      ;         ;
; nBitsIguais.sv                   ; yes             ; User SystemVerilog HDL File        ; /home/rafa/tudo/materias/lcl/projetoLeticia/Projeto_Finaldowy/nBitsIguais.sv     ;         ;
; ledDec.sv                        ; yes             ; User SystemVerilog HDL File        ; /home/rafa/tudo/materias/lcl/projetoLeticia/Projeto_Finaldowy/ledDec.sv          ;         ;
+----------------------------------+-----------------+------------------------------------+----------------------------------------------------------------------------------+---------+


+-----------------------------------------------------+
; Analysis & Synthesis Resource Usage Summary         ;
+---------------------------------------------+-------+
; Resource                                    ; Usage ;
+---------------------------------------------+-------+
; Estimated Total logic elements              ; 132   ;
;                                             ;       ;
; Total combinational functions               ; 112   ;
; Logic element usage by number of LUT inputs ;       ;
;     -- 4 input functions                    ; 84    ;
;     -- 3 input functions                    ; 6     ;
;     -- <=2 input functions                  ; 22    ;
;                                             ;       ;
; Logic elements by mode                      ;       ;
;     -- normal mode                          ; 112   ;
;     -- arithmetic mode                      ; 0     ;
;                                             ;       ;
; Total registers                             ; 49    ;
;     -- Dedicated logic registers            ; 49    ;
;     -- I/O registers                        ; 0     ;
;                                             ;       ;
; I/O pins                                    ; 62    ;
; Embedded Multiplier 9-bit elements          ; 0     ;
; Maximum fan-out node                        ; reset ;
; Maximum fan-out                             ; 31    ;
; Total fan-out                               ; 572   ;
; Average fan-out                             ; 2.57  ;
+---------------------------------------------+-------+


+---------------------------------------------------------------------------------------------------------------------------------------------------------------------------------------------------+
; Analysis & Synthesis Resource Utilization by Entity                                                                                                                                               ;
+----------------------------+-------------------+--------------+-------------+--------------+---------+-----------+------+--------------+-------------------------------------------+--------------+
; Compilation Hierarchy Node ; LC Combinationals ; LC Registers ; Memory Bits ; DSP Elements ; DSP 9x9 ; DSP 18x18 ; Pins ; Virtual Pins ; Full Hierarchy Name                       ; Library Name ;
+----------------------------+-------------------+--------------+-------------+--------------+---------+-----------+------+--------------+-------------------------------------------+--------------+
; |ProjetoP                  ; 112 (1)           ; 49 (0)       ; 0           ; 0            ; 0       ; 0         ; 62   ; 0            ; |ProjetoP                                 ; work         ;
;    |clkController2:inst|   ; 3 (3)             ; 1 (1)        ; 0           ; 0            ; 0       ; 0         ; 0    ; 0            ; |ProjetoP|clkController2:inst             ; work         ;
;    |clue7:inst2|           ; 32 (32)           ; 0 (0)        ; 0           ; 0            ; 0       ; 0         ; 0    ; 0            ; |ProjetoP|clue7:inst2                     ; work         ;
;    |clueGenerator:inst12|  ; 4 (4)             ; 6 (6)        ; 0           ; 0            ; 0       ; 0         ; 0    ; 0            ; |ProjetoP|clueGenerator:inst12            ; work         ;
;    |clueSel:inst10|        ; 1 (1)             ; 6 (6)        ; 0           ; 0            ; 0       ; 0         ; 0    ; 0            ; |ProjetoP|clueSel:inst10                  ; work         ;
;    |cronometro:inst4|      ; 48 (0)            ; 20 (0)       ; 0           ; 0            ; 0       ; 0         ; 0    ; 0            ; |ProjetoP|cronometro:inst4                ; work         ;
;       |count:inst3|        ; 5 (5)             ; 5 (5)        ; 0           ; 0            ; 0       ; 0         ; 0    ; 0            ; |ProjetoP|cronometro:inst4|count:inst3    ; work         ;
;       |count:inst|         ; 5 (5)             ; 5 (5)        ; 0           ; 0            ; 0       ; 0         ; 0    ; 0            ; |ProjetoP|cronometro:inst4|count:inst     ; work         ;
;       |countmin:inst7|     ; 5 (5)             ; 5 (5)        ; 0           ; 0            ; 0       ; 0         ; 0    ; 0            ; |ProjetoP|cronometro:inst4|countmin:inst7 ; work         ;
;       |countseg:inst5|     ; 5 (5)             ; 5 (5)        ; 0           ; 0            ; 0       ; 0         ; 0    ; 0            ; |ProjetoP|cronometro:inst4|countseg:inst5 ; work         ;
;       |decoder7:inst2|     ; 7 (7)             ; 0 (0)        ; 0           ; 0            ; 0       ; 0         ; 0    ; 0            ; |ProjetoP|cronometro:inst4|decoder7:inst2 ; work         ;
;       |decoder7:inst4|     ; 7 (7)             ; 0 (0)        ; 0           ; 0            ; 0       ; 0         ; 0    ; 0            ; |ProjetoP|cronometro:inst4|decoder7:inst4 ; work         ;
;       |decoder7:inst6|     ; 7 (7)             ; 0 (0)        ; 0           ; 0            ; 0       ; 0         ; 0    ; 0            ; |ProjetoP|cronometro:inst4|decoder7:inst6 ; work         ;
;       |decoder7:inst9|     ; 7 (7)             ; 0 (0)        ; 0           ; 0            ; 0       ; 0         ; 0    ; 0            ; |ProjetoP|cronometro:inst4|decoder7:inst9 ; work         ;
;    |keySel:inst6|          ; 1 (1)             ; 7 (7)        ; 0           ; 0            ; 0       ; 0         ; 0    ; 0            ; |ProjetoP|keySel:inst6                    ; work         ;
;    |ledDec:inst14|         ; 8 (8)             ; 0 (0)        ; 0           ; 0            ; 0       ; 0         ; 0    ; 0            ; |ProjetoP|ledDec:inst14                   ; work         ;
;    |lfsr_senha:inst3|      ; 2 (2)             ; 7 (7)        ; 0           ; 0            ; 0       ; 0         ; 0    ; 0            ; |ProjetoP|lfsr_senha:inst3                ; work         ;
;    |nBitsIguais:inst13|    ; 10 (10)           ; 0 (0)        ; 0           ; 0            ; 0       ; 0         ; 0    ; 0            ; |ProjetoP|nBitsIguais:inst13              ; work         ;
;    |simplejk:inst15|       ; 1 (1)             ; 1 (1)        ; 0           ; 0            ; 0       ; 0         ; 0    ; 0            ; |ProjetoP|simplejk:inst15                 ; work         ;
;    |simplejk:inst16|       ; 1 (1)             ; 1 (1)        ; 0           ; 0            ; 0       ; 0         ; 0    ; 0            ; |ProjetoP|simplejk:inst16                 ; work         ;
+----------------------------+-------------------+--------------+-------------+--------------+---------+-----------+------+--------------+-------------------------------------------+--------------+
Note: For table entries with two numbers listed, the numbers in parentheses indicate the number of resources of the given type used by the specific entity alone. The numbers listed outside of parentheses indicate the total resources of the given type used by the specific entity and all of its sub-entities in the hierarchy.


+------------------------------------------------------+
; General Register Statistics                          ;
+----------------------------------------------+-------+
; Statistic                                    ; Value ;
+----------------------------------------------+-------+
; Total registers                              ; 49    ;
; Number of registers using Synchronous Clear  ; 0     ;
; Number of registers using Synchronous Load   ; 0     ;
; Number of registers using Asynchronous Clear ; 33    ;
; Number of registers using Asynchronous Load  ; 0     ;
; Number of registers using Clock Enable       ; 0     ;
; Number of registers using Preset             ; 0     ;
+----------------------------------------------+-------+


+---------------------------------------------------+
; Inverted Register Statistics                      ;
+-----------------------------------------+---------+
; Inverted Register                       ; Fan out ;
+-----------------------------------------+---------+
; cronometro:inst4|count:inst|num[0]      ; 12      ;
; cronometro:inst4|count:inst|num[3]      ; 11      ;
; cronometro:inst4|count:inst3|num[0]     ; 12      ;
; cronometro:inst4|count:inst3|num[3]     ; 11      ;
; cronometro:inst4|countseg:inst5|num[0]  ; 12      ;
; cronometro:inst4|countseg:inst5|num[2]  ; 11      ;
; cronometro:inst4|countmin:inst7|num[2]  ; 12      ;
; clueGenerator:inst12|inst4              ; 3       ;
; lfsr_senha:inst3|inst                   ; 2       ;
; cronometro:inst4|countmin:inst7|out     ; 2       ;
; Total number of inverted registers = 10 ;         ;
+-----------------------------------------+---------+


+-----------------------------------------------------------------------------------------------------------------------------------------------+
; Multiplexer Restructuring Statistics (Restructuring Performed)                                                                                ;
+--------------------+-----------+---------------+----------------------+------------------------+------------+---------------------------------+
; Multiplexer Inputs ; Bus Width ; Baseline Area ; Area if Restructured ; Saving if Restructured ; Registered ; Example Multiplexer Output      ;
+--------------------+-----------+---------------+----------------------+------------------------+------------+---------------------------------+
; 64:1               ; 7 bits    ; 294 LEs       ; 28 LEs               ; 266 LEs                ; No         ; |ProjetoP|clue7:inst2|Selector0 ;
+--------------------+-----------+---------------+----------------------+------------------------+------------+---------------------------------+


+-------------------------------+
; Elapsed Time Per Partition    ;
+----------------+--------------+
; Partition Name ; Elapsed Time ;
+----------------+--------------+
; Top            ; 00:00:00     ;
+----------------+--------------+


+-------------------------------+
; Analysis & Synthesis Messages ;
+-------------------------------+
Info: *******************************************************************
Info: Running Quartus II 32-bit Analysis & Synthesis
    Info: Version 13.0.1 Build 232 06/12/2013 Service Pack 1 SJ Web Edition
    Info: Processing started: Thu Feb 13 14:41:20 2025
Info: Command: quartus_map --read_settings_files=on --write_settings_files=off ProjetoP -c ProjetoP
Warning (20028): Parallel compilation is not licensed and has been disabled
Info (12021): Found 1 design units, including 1 entities, in source file decoder7.v
    Info (12023): Found entity 1: decoder7
Info (12021): Found 1 design units, including 1 entities, in source file ProjetoP.bdf
    Info (12023): Found entity 1: ProjetoP
Info (12021): Found 1 design units, including 1 entities, in source file fdiv.v
    Info (12023): Found entity 1: fdiv
Info (12021): Found 1 design units, including 1 entities, in source file cronometro.bdf
    Info (12023): Found entity 1: cronometro
Info (12021): Found 1 design units, including 1 entities, in source file count.v
    Info (12023): Found entity 1: count
Info (12021): Found 1 design units, including 1 entities, in source file countseg.v
    Info (12023): Found entity 1: countseg
Info (12021): Found 1 design units, including 1 entities, in source file countmin.v
    Info (12023): Found entity 1: countmin
Info (12021): Found 1 design units, including 1 entities, in source file lfsr_senha.bdf
    Info (12023): Found entity 1: lfsr_senha
Info (12021): Found 1 design units, including 1 entities, in source file display.v
    Info (12023): Found entity 1: display
Info (12021): Found 1 design units, including 1 entities, in source file clkController.bdf
    Info (12023): Found entity 1: clkController
Info (12021): Found 1 design units, including 1 entities, in source file simplejk.bdf
    Info (12023): Found entity 1: simplejk
Info (12021): Found 1 design units, including 1 entities, in source file clkController2.bdf
    Info (12023): Found entity 1: clkController2
Info (12021): Found 1 design units, including 1 entities, in source file keySel.bdf
    Info (12023): Found entity 1: keySel
Info (12021): Found 1 design units, including 1 entities, in source file comp7.sv
    Info (12023): Found entity 1: comp7
Info (12021): Found 1 design units, including 1 entities, in source file clueGen.sv
    Info (12023): Found entity 1: clue7
Info (12021): Found 1 design units, including 1 entities, in source file clueSel.bdf
    Info (12023): Found entity 1: clueSel
Info (12021): Found 1 design units, including 1 entities, in source file clueGenerator.bdf
    Info (12023): Found entity 1: clueGenerator
Info (12021): Found 1 design units, including 1 entities, in source file bitsIguais.sv
    Info (12023): Found entity 1: bitsIguais
Info (12021): Found 1 design units, including 1 entities, in source file nBitsIguais.sv
    Info (12023): Found entity 1: nBitsIguais
Info (12021): Found 1 design units, including 1 entities, in source file ledDec.sv
    Info (12023): Found entity 1: ledDec
Info (12127): Elaborating entity "ProjetoP" for the top level hierarchy
Warning (275011): Block or symbol "cronometro" of instance "inst4" overlaps another block or symbol
Info (12128): Elaborating entity "cronometro" for hierarchy "cronometro:inst4"
Info (12128): Elaborating entity "countmin" for hierarchy "cronometro:inst4|countmin:inst7"
Warning (10230): Verilog HDL assignment warning at countmin.v(22): truncated value with size 32 to match size of target (4)
Info (12128): Elaborating entity "countseg" for hierarchy "cronometro:inst4|countseg:inst5"
Warning (10230): Verilog HDL assignment warning at countseg.v(22): truncated value with size 32 to match size of target (4)
Info (12128): Elaborating entity "count" for hierarchy "cronometro:inst4|count:inst3"
Warning (10230): Verilog HDL assignment warning at count.v(22): truncated value with size 32 to match size of target (4)
Info (12128): Elaborating entity "decoder7" for hierarchy "cronometro:inst4|decoder7:inst2"
Info (12128): Elaborating entity "clkController2" for hierarchy "clkController2:inst"
Info (12128): Elaborating entity "comp7" for hierarchy "comp7:inst7"
Info (12128): Elaborating entity "keySel" for hierarchy "keySel:inst6"
Info (12128): Elaborating entity "lfsr_senha" for hierarchy "lfsr_senha:inst3"
Info (12128): Elaborating entity "clue7" for hierarchy "clue7:inst2"
Info (10264): Verilog HDL Case Statement information at clueGen.sv(8): all case item expressions in this case statement are onehot
Info (12128): Elaborating entity "clueSel" for hierarchy "clueSel:inst10"
Info (12128): Elaborating entity "clueGenerator" for hierarchy "clueGenerator:inst12"
Info (12128): Elaborating entity "ledDec" for hierarchy "ledDec:inst14"
Info (12128): Elaborating entity "nBitsIguais" for hierarchy "nBitsIguais:inst13"
Info (12128): Elaborating entity "bitsIguais" for hierarchy "bitsIguais:inst11"
Info (12128): Elaborating entity "simplejk" for hierarchy "simplejk:inst16"
Info (13000): Registers with preset signals will power-up high
Info (13003): DEV_CLRn pin will set, and not reset, register with preset signal due to NOT Gate Push-Back
Info (16010): Generating hard_block partition "hard_block:auto_generated_inst"
    Info (16011): Adding 0 node(s), including 0 DDIO, 0 PLL, 0 transceiver and 0 LCELL
Info (21057): Implemented 194 device resources after synthesis - the final resource count might be different
    Info (21058): Implemented 11 input pins
    Info (21059): Implemented 51 output pins
    Info (21061): Implemented 132 logic cells
Info: Quartus II 32-bit Analysis & Synthesis was successful. 0 errors, 5 warnings
    Info: Peak virtual memory: 345 megabytes
    Info: Processing ended: Thu Feb 13 14:41:21 2025
    Info: Elapsed time: 00:00:01
    Info: Total CPU time (on all processors): 00:00:01


